<?xml version="1.0" encoding="UTF-8"?>
<!-- Generated by org.testng.reporters.JUnitReportReporter -->
<testsuite hostname="JKTNOLAP622" failures="0" tests="1" name="com.jktech.jekins.OpenABrowser" time="13.510" errors="0" timestamp="2022-07-12T11:00:51 IST" skipped="0">
  <testcase classname="com.jktech.jekins.OpenABrowser" name="openABrowser" time="13.510"/>
  <system-out/>
</testsuite> <!-- com.jktech.jekins.OpenABrowser -->
